
> openclaw-bot-review@1.0.0 start
> next start


> openclaw-bot-review@1.0.0 start
> next start


> openclaw-bot-review@1.0.0 start
> next start


> openclaw-bot-review@1.0.0 start
> next start


> openclaw-bot-review@1.0.0 start
> next start


> openclaw-bot-review@1.0.0 start
> next start


> openclaw-bot-review@1.0.0 start
> next start


> openclaw-bot-review@1.0.0 start
> next start


> openclaw-bot-review@1.0.0 start
> next start


> openclaw-bot-review@1.0.0 start
> next start


> openclaw-bot-review@1.0.0 start
> next start

▲ Next.js 16.1.6
- Local:         http://localhost:3001
- Network:       http://10.7.0.13:3001

✓ Starting...
✓ Ready in 207ms
▲ Next.js 16.1.6
- Local:         http://localhost:3001
- Network:       http://10.7.0.13:3001

✓ Starting...
✓ Ready in 318ms
▲ Next.js 16.1.6
- Local:         http://localhost:3001
- Network:       http://10.7.0.13:3001

✓ Starting...
✓ Ready in 215ms
▲ Next.js 16.1.6
- Local:         http://localhost:3001
- Network:       http://10.7.0.13:3001

✓ Starting...
▲ Next.js 16.1.6
- Local:         http://localhost:3001
- Network:       http://10.7.0.13:3001

✓ Starting...
✓ Ready in 212ms
▲ Next.js 16.1.6
- Local:         http://localhost:3001
- Network:       http://10.7.0.13:3001

✓ Starting...
✓ Ready in 205ms
▲ Next.js 16.1.6
- Local:         http://localhost:3001
- Network:       http://10.7.0.13:3001

✓ Starting...
✓ Ready in 204ms
▲ Next.js 16.1.6
- Local:         http://localhost:3001
- Network:       http://10.7.0.13:3001

✓ Starting...
✓ Ready in 204ms
▲ Next.js 16.1.6
- Local:         http://localhost:3001
- Network:       http://10.7.0.13:3001

✓ Starting...
✓ Ready in 204ms
▲ Next.js 16.1.6
- Local:         http://localhost:3001
- Network:       http://10.7.0.13:3001

✓ Starting...
✓ Ready in 284ms
▲ Next.js 16.1.6
- Local:         http://localhost:3001
- Network:       http://10.7.0.13:3001

✓ Starting...
✓ Ready in 206ms
▲ Next.js 16.1.6
- Local:         http://localhost:3001
- Network:       http://10.7.0.13:3001

✓ Starting...
✓ Ready in 306ms
▲ Next.js 16.1.6
- Local:         http://localhost:3001
- Network:       http://10.7.0.13:3001

✓ Starting...
✓ Ready in 328ms
▲ Next.js 16.1.6
- Local:         http://localhost:3001
- Network:       http://10.7.0.13:3001

✓ Starting...
✓ Ready in 221ms
▲ Next.js 16.1.6
- Local:         http://localhost:3001
- Network:       http://10.7.0.13:3001

✓ Starting...
✓ Ready in 207ms
▲ Next.js 16.1.6
- Local:         http://localhost:3001
- Network:       http://10.7.0.13:3001

✓ Starting...
✓ Ready in 216ms
▲ Next.js 16.1.6
- Local:         http://localhost:3001
- Network:       http://10.7.0.13:3001

✓ Starting...
✓ Ready in 381ms
▲ Next.js 16.1.6
- Local:         http://localhost:3001
- Network:       http://10.7.0.13:3001

✓ Starting...
✓ Ready in 211ms
▲ Next.js 16.1.6
- Local:         http://localhost:3001
- Network:       http://10.7.0.13:3001

✓ Starting...
✓ Ready in 204ms
▲ Next.js 16.1.6
- Local:         http://localhost:3001
- Network:       http://10.7.0.13:3001

✓ Starting...
✓ Ready in 205ms
▲ Next.js 16.1.6
- Local:         http://localhost:3001
- Network:       http://10.7.0.13:3001

✓ Starting...
✓ Ready in 205ms
▲ Next.js 16.1.6
- Local:         http://localhost:3001
- Network:       http://10.7.0.13:3001

✓ Starting...
✓ Ready in 201ms
▲ Next.js 16.1.6
- Local:         http://localhost:3001
- Network:       http://10.7.0.13:3001

✓ Starting...
✓ Ready in 205ms
▲ Next.js 16.1.6
- Local:         http://localhost:3001
- Network:       http://10.7.0.13:3001

✓ Starting...
✓ Ready in 210ms
▲ Next.js 16.1.6
- Local:         http://localhost:3001
- Network:       http://10.7.0.13:3001

✓ Starting...
✓ Ready in 204ms
