You are using Node.js 18.20.8. For Next.js, Node.js version ">=20.9.0" is required.
You are using Node.js 18.20.8. For Next.js, Node.js version ">=20.9.0" is required.
You are using Node.js 18.20.8. For Next.js, Node.js version ">=20.9.0" is required.
You are using Node.js 18.20.8. For Next.js, Node.js version ">=20.9.0" is required.
You are using Node.js 18.20.8. For Next.js, Node.js version ">=20.9.0" is required.
You are using Node.js 18.20.8. For Next.js, Node.js version ">=20.9.0" is required.
You are using Node.js 18.20.8. For Next.js, Node.js version ">=20.9.0" is required.
You are using Node.js 18.20.8. For Next.js, Node.js version ">=20.9.0" is required.
You are using Node.js 18.20.8. For Next.js, Node.js version ">=20.9.0" is required.
You are using Node.js 18.20.8. For Next.js, Node.js version ">=20.9.0" is required.
You are using Node.js 18.20.8. For Next.js, Node.js version ">=20.9.0" is required.
Error: Could not find a production build in the '.next' directory. Try building your app with 'next build' before starting the production server. https://nextjs.org/docs/messages/production-start-no-build-id
    at ignore-listed frames
Failed to fetch cron jobs: Error: Command failed: openclaw cron list --json
/bin/sh: line 1: openclaw: command not found

    at ignore-listed frames {
  code: 127,
  killed: false,
  signal: null,
  cmd: 'openclaw cron list --json',
  stdout: '',
  stderr: '/bin/sh: line 1: openclaw: command not found\n'
}
Failed to fetch cron jobs: Error: Command failed: openclaw cron list --json
/bin/sh: line 1: openclaw: command not found

    at ignore-listed frames {
  code: 127,
  killed: false,
  signal: null,
  cmd: 'openclaw cron list --json',
  stdout: '',
  stderr: '/bin/sh: line 1: openclaw: command not found\n'
}
Failed to fetch cron jobs: Error: Command failed: openclaw cron list --json
/bin/sh: line 1: openclaw: command not found

    at ignore-listed frames {
  code: 127,
  killed: false,
  signal: null,
  cmd: 'openclaw cron list --json',
  stdout: '',
  stderr: '/bin/sh: line 1: openclaw: command not found\n'
}
Failed to fetch cron jobs: Error: Command failed: openclaw cron list --json
/bin/sh: line 1: openclaw: command not found

    at ignore-listed frames {
  code: 127,
  killed: false,
  signal: null,
  cmd: 'openclaw cron list --json',
  stdout: '',
  stderr: '/bin/sh: line 1: openclaw: command not found\n'
}
Failed to fetch cron jobs: Error: Command failed: openclaw cron list --json
/bin/sh: line 1: openclaw: command not found

    at ignore-listed frames {
  code: 127,
  killed: false,
  signal: null,
  cmd: 'openclaw cron list --json',
  stdout: '',
  stderr: '/bin/sh: line 1: openclaw: command not found\n'
}
Failed to fetch cron jobs: Error: Command failed: openclaw cron list --json
/bin/sh: line 1: openclaw: command not found

    at ignore-listed frames {
  code: 127,
  killed: false,
  signal: null,
  cmd: 'openclaw cron list --json',
  stdout: '',
  stderr: '/bin/sh: line 1: openclaw: command not found\n'
}
Failed to fetch cron jobs: Error: Command failed: openclaw cron list --json
/bin/sh: line 1: openclaw: command not found

    at ignore-listed frames {
  code: 127,
  killed: false,
  signal: null,
  cmd: 'openclaw cron list --json',
  stdout: '',
  stderr: '/bin/sh: line 1: openclaw: command not found\n'
}
Failed to fetch cron jobs: Error: Command failed: openclaw cron list --json
/bin/sh: line 1: openclaw: command not found

    at ignore-listed frames {
  code: 127,
  killed: false,
  signal: null,
  cmd: 'openclaw cron list --json',
  stdout: '',
  stderr: '/bin/sh: line 1: openclaw: command not found\n'
}
Failed to fetch cron jobs: Error: Command failed: openclaw cron list --json
/bin/sh: line 1: openclaw: command not found

    at ignore-listed frames {
  code: 127,
  killed: false,
  signal: null,
  cmd: 'openclaw cron list --json',
  stdout: '',
  stderr: '/bin/sh: line 1: openclaw: command not found\n'
}
Failed to fetch cron jobs: Error: Command failed: /root/.nvm/versions/node/v22.22.0/bin/openclaw cron list --json
/usr/bin/node: bad option: --disable-warning=ExperimentalWarning

    at ignore-listed frames {
  code: 9,
  killed: false,
  signal: null,
  cmd: '/root/.nvm/versions/node/v22.22.0/bin/openclaw cron list --json',
  stdout: '',
  stderr: '/usr/bin/node: bad option: --disable-warning=ExperimentalWarning\n'
}
Failed to fetch cron jobs: Error: Command failed: /root/.nvm/versions/node/v22.22.0/bin/openclaw cron list --json
/usr/bin/node: bad option: --disable-warning=ExperimentalWarning

    at ignore-listed frames {
  code: 9,
  killed: false,
  signal: null,
  cmd: '/root/.nvm/versions/node/v22.22.0/bin/openclaw cron list --json',
  stdout: '',
  stderr: '/usr/bin/node: bad option: --disable-warning=ExperimentalWarning\n'
}
Failed to fetch cron jobs: Error: Command failed: /root/.nvm/versions/node/v22.22.0/bin/openclaw cron list --json
/usr/bin/node: bad option: --disable-warning=ExperimentalWarning

    at ignore-listed frames {
  code: 9,
  killed: false,
  signal: null,
  cmd: '/root/.nvm/versions/node/v22.22.0/bin/openclaw cron list --json',
  stdout: '',
  stderr: '/usr/bin/node: bad option: --disable-warning=ExperimentalWarning\n'
}
Failed to fetch cron jobs: Error: Command failed: /root/.nvm/versions/node/v22.22.0/bin/openclaw cron list --json
/usr/bin/node: bad option: --disable-warning=ExperimentalWarning

    at ignore-listed frames {
  code: 9,
  killed: false,
  signal: null,
  cmd: '/root/.nvm/versions/node/v22.22.0/bin/openclaw cron list --json',
  stdout: '',
  stderr: '/usr/bin/node: bad option: --disable-warning=ExperimentalWarning\n'
}
Failed to fetch cron jobs: Error: Command failed: /root/.nvm/versions/node/v22.22.0/bin/openclaw cron list --json
/usr/bin/node: bad option: --disable-warning=ExperimentalWarning

    at ignore-listed frames {
  code: 9,
  killed: false,
  signal: null,
  cmd: '/root/.nvm/versions/node/v22.22.0/bin/openclaw cron list --json',
  stdout: '',
  stderr: '/usr/bin/node: bad option: --disable-warning=ExperimentalWarning\n'
}
Failed to fetch cron jobs: Error: Command failed: /root/.nvm/versions/node/v22.22.0/bin/openclaw cron list --json
/usr/bin/node: bad option: --disable-warning=ExperimentalWarning

    at ignore-listed frames {
  code: 9,
  killed: false,
  signal: null,
  cmd: '/root/.nvm/versions/node/v22.22.0/bin/openclaw cron list --json',
  stdout: '',
  stderr: '/usr/bin/node: bad option: --disable-warning=ExperimentalWarning\n'
}
